<?xml version="1.0" encoding="UTF-8"?>
<testsuite xmlns:xsi="http://www.w3.org/2001/XMLSchema-instance" xsi:schemaLocation="https://maven.apache.org/surefire/maven-surefire-plugin/xsd/surefire-test-report.xsd" name="TestSuite" time="94.055" tests="1" errors="0" skipped="0" failures="1">
  <properties>
[...]
</properties>
  <testcase name="run_cukes" classname="com.cucumber.runner.SuiteRunner1" time="91.664">
    <failure message="org.openqa.selenium.WebDriverException: c is null&#10;Command duration or timeout: 3.52 seconds&#10;Build info: version: &apos;2.53.1&apos;, revision: &apos;a36b8b1cd5757287168e54b817830adce9b0158d&apos;, time: &apos;2016-06-30 19:26:09&apos;&#10;System info: host: &apos;DESKTOP-PCC37BG&apos;, ip: &apos;192.168.0.4&apos;, os.name: &apos;Windows 10&apos;, os.arch: &apos;amd64&apos;, os.version: &apos;10.0&apos;, java.version: &apos;1.8.0_101&apos;&#10;Driver info: org.openqa.selenium.firefox.FirefoxDriver" type="cucumber.runtime.CucumberException">cucumber.runtime.CucumberException: 
org.openqa.selenium.WebDriverException: c is null
Command duration or timeout: 3.52 seconds
Build info: version: '2.53.1', revision: 'a36b8b1cd5757287168e54b817830adce9b0158d', time: '2016-06-30 19:26:09'
System info: host: 'DESKTOP-PCC37BG', ip: '192.168.0.4', os.name: 'Windows 10', os.arch: 'amd64', os.version: '10.0', java.version: '1.8.0_101'
Driver info: org.openqa.selenium.firefox.FirefoxDriver
Caused by: org.openqa.selenium.WebDriverException: 
c is null
Command duration or timeout: 3.52 seconds
Build info: version: '2.53.1', revision: 'a36b8b1cd5757287168e54b817830adce9b0158d', time: '2016-06-30 19:26:09'
System info: host: 'DESKTOP-PCC37BG', ip: '192.168.0.4', os.name: 'Windows 10', os.arch: 'amd64', os.version: '10.0', java.version: '1.8.0_101'
Driver info: org.openqa.selenium.firefox.FirefoxDriver
Caused by: org.openqa.selenium.WebDriverException: 
c is null
Build info: version: '2.53.1', revision: 'a36b8b1cd5757287168e54b817830adce9b0158d', time: '2016-06-30 19:26:09'
System info: host: 'DESKTOP-PCC37BG', ip: '192.168.0.4', os.name: 'Windows 10', os.arch: 'amd64', os.version: '10.0', java.version: '1.8.0_101'
Driver info: driver.version: unknown
</failure>
    <system-out><![CDATA[I open firefox browser
I naviagte to http://www.hdfcbank.com/ url
I click ccicon and go to ccform page
select twowheeler form page
location
residency
dobday
emptype
company
I enter vijay into the name field
I enter 77777777777 into the mobile number field
I enter vijay@gmail.com into the email field
I click on submit button
I open firefox browser

2 Scenarios (&amp#27;[31m1 failed&amp#27;[0m, &amp#27;[32m1 passed&amp#27;[0m)
18 Steps (&amp#27;[31m1 failed&amp#27;[0m, &amp#27;[36m8 skipped&amp#27;[0m, &amp#27;[32m9 passed&amp#27;[0m)
1m29.630s

org.openqa.selenium.WebDriverException: c is null
Command duration or timeout: 3.52 seconds
Build info: version: '2.53.1', revision: 'a36b8b1cd5757287168e54b817830adce9b0158d', time: '2016-06-30 19:26:09'
System info: host: 'DESKTOP-PCC37BG', ip: '192.168.0.4', os.name: 'Windows 10', os.arch: 'amd64', os.version: '10.0', java.version: '1.8.0_101'
Driver info: org.openqa.selenium.firefox.FirefoxDriver
	at sun.reflect.NativeConstructorAccessorImpl.newInstance0(Native Method)
	at sun.reflect.NativeConstructorAccessorImpl.newInstance(NativeConstructorAccessorImpl.java:62)
	at sun.reflect.DelegatingConstructorAccessorImpl.newInstance(DelegatingConstructorAccessorImpl.java:45)
	at java.lang.reflect.Constructor.newInstance(Constructor.java:423)
	at org.openqa.selenium.remote.ErrorHandler.createThrowable(ErrorHandler.java:206)
	at org.openqa.selenium.remote.ErrorHandler.throwIfResponseFailed(ErrorHandler.java:158)
	at org.openqa.selenium.remote.RemoteWebDriver.execute(RemoteWebDriver.java:678)
	at org.openqa.selenium.remote.RemoteWebDriver.startSession(RemoteWebDriver.java:249)
	at org.openqa.selenium.remote.RemoteWebDriver.<init>(RemoteWebDriver.java:131)
	at org.openqa.selenium.firefox.FirefoxDriver.<init>(FirefoxDriver.java:216)
	at org.openqa.selenium.firefox.FirefoxDriver.<init>(FirefoxDriver.java:211)
	at org.openqa.selenium.firefox.FirefoxDriver.<init>(FirefoxDriver.java:207)
	at org.openqa.selenium.firefox.FirefoxDriver.<init>(FirefoxDriver.java:120)
	at com.cucumber.base.AppBase.OpenBrowser(AppBase.java:19)
	at com.cucumber.testcases.StepDefinitions.i_open_browser(StepDefinitions.java:23)
	at ?.Given I open "firefox" browser(homepage.feature:5)
Caused by: org.openqa.selenium.WebDriverException: c is null
Build info: version: '2.53.1', revision: 'a36b8b1cd5757287168e54b817830adce9b0158d', time: '2016-06-30 19:26:09'
System info: host: 'DESKTOP-PCC37BG', ip: '192.168.0.4', os.name: 'Windows 10', os.arch: 'amd64', os.version: '10.0', java.version: '1.8.0_101'
Driver info: driver.version: unknown
	at <anonymous class>.nsCommandProcessor.prototype.newSession(file:///C:/Users/naveen/AppData/Local/Temp/anonymous9071168225470369119webdriver-profile/extensions/fxdriver@googlecode.com/components/command-processor.js:12802)
	at <anonymous class>.nsCommandProcessor.prototype.execute(file:///C:/Users/naveen/AppData/Local/Temp/anonymous9071168225470369119webdriver-profile/extensions/fxdriver@googlecode.com/components/command-processor.js:12694)
	at <anonymous class>.Dispatcher.executeAs/<(file:///C:/Users/naveen/AppData/Local/Temp/anonymous9071168225470369119webdriver-profile/extensions/fxdriver@googlecode.com/components/driver-component.js:9558)
	at <anonymous class>.Resource.prototype.handle(file:///C:/Users/naveen/AppData/Local/Temp/anonymous9071168225470369119webdriver-profile/extensions/fxdriver@googlecode.com/components/driver-component.js:9705)
	at <anonymous class>.Dispatcher.prototype.dispatch(file:///C:/Users/naveen/AppData/Local/Temp/anonymous9071168225470369119webdriver-profile/extensions/fxdriver@googlecode.com/components/driver-component.js:9652)
	at <anonymous class>.WebDriverServer/<.handle(file:///C:/Users/naveen/AppData/Local/Temp/anonymous9071168225470369119webdriver-profile/extensions/fxdriver@googlecode.com/components/driver-component.js:12517)
	at <anonymous class>.createHandlerFunc/<(file:///C:/Users/naveen/AppData/Local/Temp/anonymous9071168225470369119webdriver-profile/extensions/fxdriver@googlecode.com/components/httpd.js:2054)
	at <anonymous class>.ServerHandler.prototype.handleResponse(file:///C:/Users/naveen/AppData/Local/Temp/anonymous9071168225470369119webdriver-profile/extensions/fxdriver@googlecode.com/components/httpd.js:2387)
	at <anonymous class>.Connection.prototype.process(file:///C:/Users/naveen/AppData/Local/Temp/anonymous9071168225470369119webdriver-profile/extensions/fxdriver@googlecode.com/components/httpd.js:1223)
	at <anonymous class>.RequestReader.prototype._handleResponse(file:///C:/Users/naveen/AppData/Local/Temp/anonymous9071168225470369119webdriver-profile/extensions/fxdriver@googlecode.com/components/httpd.js:1677)
	at <anonymous class>.RequestReader.prototype._processBody(file:///C:/Users/naveen/AppData/Local/Temp/anonymous9071168225470369119webdriver-profile/extensions/fxdriver@googlecode.com/components/httpd.js:1525)
	at <anonymous class>.RequestReader.prototype.onInputStreamReady(file:///C:/Users/naveen/AppData/Local/Temp/anonymous9071168225470369119webdriver-profile/extensions/fxdriver@googlecode.com/components/httpd.js:1393)

]]></system-out>
  </testcase>
</testsuite>